<?xml version="1.0" encoding="UTF-8"?>
<!-- Generated by org.testng.reporters.JUnitReportReporter -->
<testsuite skipped="0" hostname="DESKTOP-IM24CK1" name="Test.Demo" tests="1" failures="0" timestamp="26 Nov 2020 19:56:42 GMT" time="29.656" errors="0">
  <testcase name="testA" time="29.656" classname="Test.Demo"/>
</testsuite> <!-- Test.Demo -->
