<?xml version="1.0" encoding="UTF-8"?>
<!-- Generated by org.testng.reporters.JUnitReportReporter -->
<testsuite skipped="0" hostname="DESKTOP-IM24CK1" name="Test.DemoA" tests="1" failures="0" timestamp="30 Nov 2020 06:19:25 GMT" time="23.730" errors="0">
  <testcase name="testA" time="23.730" classname="Test.DemoA"/>
</testsuite> <!-- Test.DemoA -->
